<?xml version="1.0" encoding="UTF-8"?>
<!-- Generated by org.testng.reporters.JUnitReportReporter -->
<testsuite skipped="0" hostname="Minhajuls-MacBook-Pro-2.local" name="mq.demo.restassured.ClientJSON" tests="1" failures="0" timestamp="4 Oct 2016 18:30:17 GMT" time="0.699" errors="0">
  <testcase name="testCategoryItem" time="0.699" classname="mq.demo.restassured.ClientJSON"/>
</testsuite> <!-- mq.demo.restassured.ClientJSON -->
